index.html
form_001.html
form_002.html
form_003.html
form_004.html
form_005.html
form_006.html
form_007.html
teacher_000.html
teacher_001.html
teacher_002.html
teacher_003.html
teacher_004.html
teacher_005.html
teacher_006.html
teacher_007.html
teacher_008.html
teacher_009.html
teacher_010.html
teacher_011.html
teacher_012.html
teacher_013.html
teacher_014.html
teacher_015.html
teacher_016.html
room_000.html
room_001.html
room_002.html
room_003.html
room_004.html
room_005.html
room_006.html
room_007.html
room_008.html
room_009.html
room_010.html
room_011.html
sum_forms.html
sum_teachers.html
sum_rooms.html
exportsty.css
equal2.gif
plus2.gif
minus2.gif
prev.gif
next.gif
